<?xml version="1.0" encoding="utf-8"?><testsuites name="pytest tests"><testsuite name="pytest" errors="0" failures="0" skipped="0" tests="10" time="1.589" timestamp="2026-09-07T14:10:19.945446+10:00" hostname="localhost"><testcase classname="tests.test_frame_sampler" name="test_multi_image_uniform_preserves_order" time="0.001" /><testcase classname="tests.test_frame_sampler" name="test_short_sequence_repeats_last" time="0.001" /><testcase classname="tests.test_geometry_adapter" name="test_geometry_modes_shape" time="0.414" /><testcase classname="tests.test_geometry_adapter" name="test_shuffle_mode_tokenizes_loaded_geometry" time="0.002" /><testcase classname="tests.test_reward" name="test_correct_answer_with_valid_psro" time="0.011" /><testcase classname="tests.test_reward" name="test_wrong_answer_with_valid_psro_gets_no_process_bonus" time="0.002" /><testcase classname="tests.test_reward" name="test_plain_psro_format_remains_parseable" time="0.004" /><testcase classname="tests.test_reward" name="test_multiple_conflicting_answers_returns_none" time="0.001" /><testcase classname="tests.test_reward" name="test_lowercase_sections_and_empty_transition" time="0.000" /><testcase classname="tests.test_schema" name="test_normalize_sample_aliases" time="0.000" /></testsuite></testsuites>