<?xml version="1.0" encoding="utf-8"?><testsuites name="pytest tests"><testsuite name="pytest" errors="0" failures="0" skipped="0" tests="29" time="14.673" timestamp="2026-09-07T14:10:19.916069+10:00" hostname="localhost"><testcase classname="tests.test_cached_tip_training" name="test_cached_tip_training_smoke" time="7.169" /><testcase classname="tests.test_certify_edges" name="test_certify_edges_thresholds" time="0.002" /><testcase classname="tests.test_certify_edges" name="test_geometric_weight_positive" time="0.001" /><testcase classname="tests.test_evaluate" name="test_spatial_choice_normalizer" time="0.001" /><testcase classname="tests.test_evaluate" name="test_score_predictions" time="0.000" /><testcase classname="tests.test_evaluate" name="test_evaluate_cli" time="1.254" /><testcase classname="tests.test_graph_builder" name="test_graph_self_loops_and_normalization" time="0.001" /><testcase classname="tests.test_graph_builder" name="test_topk_cross_frame" time="0.001" /><testcase classname="tests.test_graph_builder" name="test_self_loop_graph" time="0.001" /><testcase classname="tests.test_graph_builder" name="test_restrict_incoming_sources_keeps_other_nodes_normalized" time="0.001" /><testcase classname="tests.test_graph_builder" name="test_random_and_shuffled_graphs_remain_normalized" time="0.001" /><testcase classname="tests.test_leakage_audit" name="test_leakage_detects_overlap" time="0.001" /><testcase classname="tests.test_leakage_audit" name="test_leakage_passes_disjoint" time="0.000" /><testcase classname="tests.test_projective_edges" name="test_identity_projection" time="0.001" /><testcase classname="tests.test_projective_edges" name="test_reject_negative_z" time="0.000" /><testcase classname="tests.test_projective_edges" name="test_bilinear_depth_sample" time="0.001" /><testcase classname="tests.test_qwen_bridge_parity" name="test_qwen_bridge_alpha_zero_parity" time="0.002" /><testcase classname="tests.test_qwen_layout" name="test_qwen_layout_offsets" time="0.001" /><testcase classname="tests.test_qwen_layout" name="test_ordered_image_prompt" time="0.000" /><testcase classname="tests.test_readiness" name="test_phase1_readiness_passes_for_toy_cache" time="5.011" /><testcase classname="tests.test_sparse_transport" name="test_sparse_aggregate_matches_dense" time="0.001" /><testcase classname="tests.test_sparse_transport" name="test_alpha_zero_identity" time="0.001" /><testcase classname="tests.test_tip_dataset" name="test_sample_tip_targets_requires_cross_frame_neighbors" time="0.001" /><testcase classname="tests.test_tip_losses" name="test_masked_recovery_zero_for_equal_vectors" time="0.001" /><testcase classname="tests.test_tip_losses" name="test_substitution_consistency" time="0.000" /><testcase classname="tests.test_tip_losses" name="test_total_tip_loss" time="0.000" /><testcase classname="tests.test_tip_losses" name="test_masked_recovery_infonce_lower_for_matching_targets" time="0.001" /><testcase classname="tests.test_transforms" name="test_resize_pad_roundtrip" time="0.001" /><testcase classname="tests.test_transforms" name="test_valid_rect_is_inside_canvas" time="0.001" /></testsuite></testsuites>