<?xml version="1.0" encoding="utf-8"?><testsuites name="pytest tests"><testsuite name="pytest" errors="0" failures="0" skipped="0" tests="42" time="5.127" timestamp="2026-09-07T14:10:19.933529+10:00" hostname="localhost"><testcase classname="tests.test_contracts" name="test_zero_id_and_answer_preserved" time="0.001" /><testcase classname="tests.test_contracts" name="test_inference_label_allowlist" time="0.001" /><testcase classname="tests.test_contracts" name="test_final_answer_only[&lt;think&gt;A is wrong&lt;/think&gt;&lt;answer&gt;B&lt;/answer&gt;]" time="0.001" /><testcase classname="tests.test_contracts" name="test_final_answer_only[B]" time="0.001" /><testcase classname="tests.test_contracts" name="test_final_answer_only[right]" time="0.001" /><testcase classname="tests.test_contracts" name="test_ambiguous_rejected[A or B]" time="0.001" /><testcase classname="tests.test_contracts" name="test_ambiguous_rejected[&lt;answer&gt;A&lt;/answer&gt;&lt;answer&gt;B&lt;/answer&gt;]" time="0.001" /><testcase classname="tests.test_contracts" name="test_ambiguous_rejected[&lt;think&gt;B]" time="0.001" /><testcase classname="tests.test_contracts" name="test_ambiguous_rejected[Banana]" time="0.001" /><testcase classname="tests.test_contracts" name="test_ambiguous_rejected[]" time="0.001" /><testcase classname="tests.test_contracts" name="test_missing_prediction_counts_as_wrong" time="0.001" /><testcase classname="tests.test_contracts" name="test_missing_gold_not_correct" time="0.001" /><testcase classname="tests.test_contracts" name="test_duplicate_prediction_rejected" time="0.001" /><testcase classname="tests.test_contracts" name="test_split_guard" time="0.002" /><testcase classname="tests.test_contracts" name="test_cross_alias_media_leakage" time="0.001" /><testcase classname="tests.test_contracts" name="test_coverage_protocol_compare" time="0.001" /><testcase classname="tests.test_contracts" name="test_unknown_knob_rejected" time="0.004" /><testcase classname="tests.test_contracts" name="test_prediction_tampering_rejected" time="0.013" /><testcase classname="tests.test_geowire_generation" name="test_generate_no_recursion_and_zero_gate_parity" time="0.005" /><testcase classname="tests.test_geowire_generation" name="test_generate_restores_after_failure" time="0.001" /><testcase classname="tests.test_hf_training" name="test_actual_training_and_reload[sft]" time="0.064" /><testcase classname="tests.test_hf_training" name="test_actual_training_and_reload[rl]" time="0.084" /><testcase classname="tests.test_hf_training" name="test_actual_training_and_reload[opd]" time="0.068" /><testcase classname="tests.test_hf_training" name="test_actual_training_and_reload[opsd]" time="0.060" /><testcase classname="tests.test_hf_training" name="test_actual_training_and_reload[offline_kd]" time="0.048" /><testcase classname="tests.test_hf_training" name="test_response_position_alignment_matches_hf_labels" time="0.023" /><testcase classname="tests.test_hf_training" name="test_media_cannot_be_silently_dropped" time="0.018" /><testcase classname="tests.test_hf_training" name="test_lora_training_checkpoint_reload" time="0.151" /><testcase classname="tests.test_legacy_scoring" name="test_xml_reasoning_does_not_override_final_answer" time="0.001" /><testcase classname="tests.test_legacy_scoring" name="test_zero_survives_schema" time="0.001" /><testcase classname="tests.test_legacy_scoring" name="test_missing_gold_fails" time="0.001" /><testcase classname="tests.test_objectives" name="test_kl_zero_and_teacher_no_gradient[forward]" time="0.001" /><testcase classname="tests.test_objectives" name="test_kl_zero_and_teacher_no_gradient[reverse]" time="0.001" /><testcase classname="tests.test_objectives" name="test_kl_optimization_moves_toward_teacher[forward]" time="0.003" /><testcase classname="tests.test_objectives" name="test_kl_optimization_moves_toward_teacher[reverse]" time="0.003" /><testcase classname="tests.test_objectives" name="test_response_sft_gradient" time="0.001" /><testcase classname="tests.test_objectives" name="test_constant_reward_has_no_advantage" time="0.001" /><testcase classname="tests.test_objectives" name="test_policy_improves_positive_advantage[grpo]" time="0.001" /><testcase classname="tests.test_objectives" name="test_policy_improves_positive_advantage[gspo]" time="0.001" /><testcase classname="tests.test_objectives" name="test_gspo_sequence_ratio_differs_from_grpo" time="0.001" /><testcase classname="tests.test_vsi" name="test_official_perfect_score_and_task_aggregation" time="0.004" /><testcase classname="tests.test_vsi" name="test_official_subset_not_claimed_as_full" time="0.001" /></testsuite></testsuites>